Release 14.7 - xst P.20131013 (nt64)
Copyright (c) 1995-2013 Xilinx, Inc.  All rights reserved.
--> Parameter TMPDIR set to xst/projnav.tmp


Total REAL time to Xst completion: 0.00 secs
Total CPU time to Xst completion: 0.07 secs
 
--> Parameter xsthdpdir set to xst


Total REAL time to Xst completion: 0.00 secs
Total CPU time to Xst completion: 0.08 secs
 
--> Reading design: alu16b.prj

TABLE OF CONTENTS
  1) Synthesis Options Summary
  2) HDL Parsing
  3) HDL Elaboration
  4) HDL Synthesis
       4.1) HDL Synthesis Report
  5) Advanced HDL Synthesis
       5.1) Advanced HDL Synthesis Report
  6) Low Level Synthesis
  7) Partition Report
  8) Design Summary
       8.1) Primitive and Black Box Usage
       8.2) Device utilization summary
       8.3) Partition Resource Summary
       8.4) Timing Report
            8.4.1) Clock Information
            8.4.2) Asynchronous Control Signals Information
            8.4.3) Timing Summary
            8.4.4) Timing Details
            8.4.5) Cross Clock Domains Report


=========================================================================
*                      Synthesis Options Summary                        *
=========================================================================
---- Source Parameters
Input File Name                    : "alu16b.prj"
Ignore Synthesis Constraint File   : NO

---- Target Parameters
Output File Name                   : "alu16b"
Output Format                      : NGC
Target Device                      : xc7a100t-1-csg324

---- Source Options
Top Module Name                    : alu16b
Automatic FSM Extraction           : YES
FSM Encoding Algorithm             : Auto
Safe Implementation                : No
FSM Style                          : LUT
RAM Extraction                     : Yes
RAM Style                          : Auto
ROM Extraction                     : Yes
Shift Register Extraction          : YES
ROM Style                          : Auto
Resource Sharing                   : YES
Asynchronous To Synchronous        : NO
Shift Register Minimum Size        : 2
Use DSP Block                      : Auto
Automatic Register Balancing       : No

---- Target Options
LUT Combining                      : Auto
Reduce Control Sets                : Auto
Add IO Buffers                     : YES
Global Maximum Fanout              : 100000
Add Generic Clock Buffer(BUFG)     : 32
Register Duplication               : YES
Optimize Instantiated Primitives   : NO
Use Clock Enable                   : Auto
Use Synchronous Set                : Auto
Use Synchronous Reset              : Auto
Pack IO Registers into IOBs        : Auto
Equivalent register Removal        : YES

---- General Options
Optimization Goal                  : Speed
Optimization Effort                : 1
Power Reduction                    : NO
Keep Hierarchy                     : No
Netlist Hierarchy                  : As_Optimized
RTL Output                         : Yes
Global Optimization                : AllClockNets
Read Cores                         : YES
Write Timing Constraints           : NO
Cross Clock Analysis               : NO
Hierarchy Separator                : /
Bus Delimiter                      : <>
Case Specifier                     : Maintain
Slice Utilization Ratio            : 100
BRAM Utilization Ratio             : 100
DSP48 Utilization Ratio            : 100
Auto BRAM Packing                  : NO
Slice Utilization Ratio Delta      : 5

---- Other Options
Cores Search Directories           : {"ipcore_dir"  }

=========================================================================


=========================================================================
*                          HDL Parsing                                  *
=========================================================================
Analyzing Verilog file "G:\MSCS\01_Advance_Computer_Architecture\projects\L1F21MSCS0054_unioperandmicroarchitecture\ALU.v" into library work
Parsing module <alu16b>.

=========================================================================
*                            HDL Elaboration                            *
=========================================================================

Elaborating module <alu16b>.

=========================================================================
*                           HDL Synthesis                               *
=========================================================================

Synthesizing Unit <alu16b>.
    Related source file is "G:\MSCS\01_Advance_Computer_Architecture\projects\L1F21MSCS0054_unioperandmicroarchitecture\ALU.v".
    Found 1-bit register for signal <zf>.
    Found 16-bit subtractor for signal <in1[15]_in2[15]_sub_2_OUT> created at line 35.
    Found 16-bit adder for signal <in1[15]_in2[15]_add_6_OUT> created at line 41.
    Found 16-bit 8-to-1 multiplexer for signal <out> created at line 33.
    Summary:
	inferred   2 Adder/Subtractor(s).
	inferred   1 D-type flip-flop(s).
	inferred   1 Multiplexer(s).
Unit <alu16b> synthesized.

=========================================================================
HDL Synthesis Report

Macro Statistics
# Adders/Subtractors                                   : 2
 16-bit adder                                          : 1
 16-bit subtractor                                     : 1
# Registers                                            : 1
 1-bit register                                        : 1
# Multiplexers                                         : 1
 16-bit 8-to-1 multiplexer                             : 1
# Xors                                                 : 1
 16-bit xor2                                           : 1

=========================================================================

=========================================================================
*                       Advanced HDL Synthesis                          *
=========================================================================


=========================================================================
Advanced HDL Synthesis Report

Macro Statistics
# Adders/Subtractors                                   : 2
 16-bit adder                                          : 1
 16-bit subtractor                                     : 1
# Registers                                            : 1
 Flip-Flops                                            : 1
# Multiplexers                                         : 1
 16-bit 8-to-1 multiplexer                             : 1
# Xors                                                 : 1
 16-bit xor2                                           : 1

=========================================================================

=========================================================================
*                         Low Level Synthesis                           *
=========================================================================

Optimizing unit <alu16b> ...

Mapping all equations...
Building and optimizing final netlist ...
Found area constraint ratio of 100 (+ 5) on block alu16b, actual ratio is 0.

Final Macro Processing ...

=========================================================================
Final Register Report

Macro Statistics
# Registers                                            : 1
 Flip-Flops                                            : 1

=========================================================================

=========================================================================
*                           Partition Report                            *
=========================================================================

Partition Implementation Status
-------------------------------

  No Partitions were found in this design.

-------------------------------

=========================================================================
*                            Design Summary                             *
=========================================================================

Top Level Output File Name         : alu16b.ngc

Primitive and Black Box Usage:
------------------------------
# BELS                             : 134
#      GND                         : 1
#      INV                         : 1
#      LUT2                        : 33
#      LUT5                        : 15
#      LUT6                        : 20
#      MUXCY                       : 30
#      MUXF7                       : 1
#      VCC                         : 1
#      XORCY                       : 32
# FlipFlops/Latches                : 1
#      FDC                         : 1
# Clock Buffers                    : 1
#      BUFGP                       : 1
# IO Buffers                       : 53
#      IBUF                        : 36
#      OBUF                        : 17

Device utilization summary:
---------------------------

Selected Device : 7a100tcsg324-1 


Slice Logic Utilization: 
 Number of Slice LUTs:                   69  out of  63400     0%  
    Number used as Logic:                69  out of  63400     0%  

Slice Logic Distribution: 
 Number of LUT Flip Flop pairs used:     69
   Number with an unused Flip Flop:      69  out of     69   100%  
   Number with an unused LUT:             0  out of     69     0%  
   Number of fully used LUT-FF pairs:     0  out of     69     0%  
   Number of unique control sets:         1

IO Utilization: 
 Number of IOs:                          54
 Number of bonded IOBs:                  54  out of    210    25%  
    IOB Flip Flops/Latches:               1

Specific Feature Utilization:
 Number of BUFG/BUFGCTRLs:                1  out of     32     3%  

---------------------------
Partition Resource Summary:
---------------------------

  No Partitions were found in this design.

---------------------------


=========================================================================
Timing Report

NOTE: THESE TIMING NUMBERS ARE ONLY A SYNTHESIS ESTIMATE.
      FOR ACCURATE TIMING INFORMATION PLEASE REFER TO THE TRACE REPORT
      GENERATED AFTER PLACE-and-ROUTE.

Clock Information:
------------------
-----------------------------------+------------------------+-------+
Clock Signal                       | Clock buffer(FF name)  | Load  |
-----------------------------------+------------------------+-------+
clk                                | BUFGP                  | 1     |
-----------------------------------+------------------------+-------+

Asynchronous Control Signals Information:
----------------------------------------
No asynchronous control signals found in this design

Timing Summary:
---------------
Speed Grade: -1

   Minimum period: No path found
   Minimum input arrival time before clock: 5.030ns
   Maximum output required time after clock: 0.877ns
   Maximum combinational path delay: 3.683ns

Timing Details:
---------------
All values displayed in nanoseconds (ns)

=========================================================================
Timing constraint: Default OFFSET IN BEFORE for Clock 'clk'
  Total number of paths / destination ports: 918 / 2
-------------------------------------------------------------------------
Offset:              5.030ns (Levels of Logic = 8)
  Source:            in1<0> (PAD)
  Destination:       zf (FF)
  Destination Clock: clk rising

  Data Path: in1<0> to zf
                                Gate     Net
    Cell:in->out      fanout   Delay   Delay  Logical Name (Net Name)
    ----------------------------------------  ------------
     IBUF:I->O             4   0.001   0.556  in1_0_IBUF (in1_0_IBUF)
     LUT2:I0->O            1   0.124   0.000  Msub_in1[15]_in2[15]_sub_2_OUT_lut<0> (Msub_in1[15]_in2[15]_sub_2_OUT_lut<0>)
     MUXCY:S->O            1   0.472   0.000  Msub_in1[15]_in2[15]_sub_2_OUT_cy<0> (Msub_in1[15]_in2[15]_sub_2_OUT_cy<0>)
     XORCY:CI->O           1   0.510   0.536  Msub_in1[15]_in2[15]_sub_2_OUT_xor<1> (in1[15]_in2[15]_sub_2_OUT<1>)
     LUT6:I4->O            1   0.124   0.421  Mmux_out82 (Mmux_out81)
     LUT5:I4->O            2   0.124   0.945  Mmux_out83 (out_1_OBUF)
     LUT6:I0->O            1   0.124   0.939  out[15]_GND_1_o_equal_10_o<15>2 (out[15]_GND_1_o_equal_10_o<15>1)
     LUT6:I0->O            1   0.124   0.000  out[15]_GND_1_o_equal_10_o<15>3 (out[15]_GND_1_o_equal_10_o)
     FDC:D                     0.030          zf
    ----------------------------------------
    Total                      5.030ns (1.633ns logic, 3.397ns route)
                                       (32.5% logic, 67.5% route)

=========================================================================
Timing constraint: Default OFFSET OUT AFTER for Clock 'clk'
  Total number of paths / destination ports: 1 / 1
-------------------------------------------------------------------------
Offset:              0.877ns (Levels of Logic = 1)
  Source:            zf (FF)
  Destination:       zf (PAD)
  Source Clock:      clk rising

  Data Path: zf to zf
                                Gate     Net
    Cell:in->out      fanout   Delay   Delay  Logical Name (Net Name)
    ----------------------------------------  ------------
     FDC:C->Q              1   0.478   0.399  zf (zf_OBUF)
     OBUF:I->O                 0.000          zf_OBUF (zf)
    ----------------------------------------
    Total                      0.877ns (0.478ns logic, 0.399ns route)
                                       (54.5% logic, 45.5% route)

=========================================================================
Timing constraint: Default path analysis
  Total number of paths / destination ports: 917 / 16
-------------------------------------------------------------------------
Delay:               3.683ns (Levels of Logic = 21)
  Source:            in1<0> (PAD)
  Destination:       out<15> (PAD)

  Data Path: in1<0> to out<15>
                                Gate     Net
    Cell:in->out      fanout   Delay   Delay  Logical Name (Net Name)
    ----------------------------------------  ------------
     IBUF:I->O             4   0.001   0.556  in1_0_IBUF (in1_0_IBUF)
     LUT2:I0->O            1   0.124   0.000  Msub_in1[15]_in2[15]_sub_2_OUT_lut<0> (Msub_in1[15]_in2[15]_sub_2_OUT_lut<0>)
     MUXCY:S->O            1   0.472   0.000  Msub_in1[15]_in2[15]_sub_2_OUT_cy<0> (Msub_in1[15]_in2[15]_sub_2_OUT_cy<0>)
     MUXCY:CI->O           1   0.029   0.000  Msub_in1[15]_in2[15]_sub_2_OUT_cy<1> (Msub_in1[15]_in2[15]_sub_2_OUT_cy<1>)
     MUXCY:CI->O           1   0.029   0.000  Msub_in1[15]_in2[15]_sub_2_OUT_cy<2> (Msub_in1[15]_in2[15]_sub_2_OUT_cy<2>)
     MUXCY:CI->O           1   0.029   0.000  Msub_in1[15]_in2[15]_sub_2_OUT_cy<3> (Msub_in1[15]_in2[15]_sub_2_OUT_cy<3>)
     MUXCY:CI->O           1   0.029   0.000  Msub_in1[15]_in2[15]_sub_2_OUT_cy<4> (Msub_in1[15]_in2[15]_sub_2_OUT_cy<4>)
     MUXCY:CI->O           1   0.029   0.000  Msub_in1[15]_in2[15]_sub_2_OUT_cy<5> (Msub_in1[15]_in2[15]_sub_2_OUT_cy<5>)
     MUXCY:CI->O           1   0.029   0.000  Msub_in1[15]_in2[15]_sub_2_OUT_cy<6> (Msub_in1[15]_in2[15]_sub_2_OUT_cy<6>)
     MUXCY:CI->O           1   0.029   0.000  Msub_in1[15]_in2[15]_sub_2_OUT_cy<7> (Msub_in1[15]_in2[15]_sub_2_OUT_cy<7>)
     MUXCY:CI->O           1   0.029   0.000  Msub_in1[15]_in2[15]_sub_2_OUT_cy<8> (Msub_in1[15]_in2[15]_sub_2_OUT_cy<8>)
     MUXCY:CI->O           1   0.029   0.000  Msub_in1[15]_in2[15]_sub_2_OUT_cy<9> (Msub_in1[15]_in2[15]_sub_2_OUT_cy<9>)
     MUXCY:CI->O           1   0.029   0.000  Msub_in1[15]_in2[15]_sub_2_OUT_cy<10> (Msub_in1[15]_in2[15]_sub_2_OUT_cy<10>)
     MUXCY:CI->O           1   0.029   0.000  Msub_in1[15]_in2[15]_sub_2_OUT_cy<11> (Msub_in1[15]_in2[15]_sub_2_OUT_cy<11>)
     MUXCY:CI->O           1   0.029   0.000  Msub_in1[15]_in2[15]_sub_2_OUT_cy<12> (Msub_in1[15]_in2[15]_sub_2_OUT_cy<12>)
     MUXCY:CI->O           1   0.029   0.000  Msub_in1[15]_in2[15]_sub_2_OUT_cy<13> (Msub_in1[15]_in2[15]_sub_2_OUT_cy<13>)
     MUXCY:CI->O           0   0.029   0.000  Msub_in1[15]_in2[15]_sub_2_OUT_cy<14> (Msub_in1[15]_in2[15]_sub_2_OUT_cy<14>)
     XORCY:CI->O           1   0.510   0.536  Msub_in1[15]_in2[15]_sub_2_OUT_xor<15> (in1[15]_in2[15]_sub_2_OUT<15>)
     LUT6:I4->O            1   0.124   0.421  Mmux_out72 (Mmux_out71)
     LUT5:I4->O            2   0.124   0.405  Mmux_out73 (out_15_OBUF)
     OBUF:I->O                 0.000          out_15_OBUF (out<15>)
    ----------------------------------------
    Total                      3.683ns (1.765ns logic, 1.918ns route)
                                       (47.9% logic, 52.1% route)

=========================================================================

Cross Clock Domains Report:
--------------------------

=========================================================================


Total REAL time to Xst completion: 6.00 secs
Total CPU time to Xst completion: 6.12 secs
 
--> 

Total memory usage is 4619412 kilobytes

Number of errors   :    0 (   0 filtered)
Number of warnings :    0 (   0 filtered)
Number of infos    :    0 (   0 filtered)

