Release 14.7 - xst P.20131013 (nt64)
Copyright (c) 1995-2013 Xilinx, Inc.  All rights reserved.
--> Parameter TMPDIR set to xst/projnav.tmp


Total REAL time to Xst completion: 0.00 secs
Total CPU time to Xst completion: 0.08 secs
 
--> Parameter xsthdpdir set to xst


Total REAL time to Xst completion: 0.00 secs
Total CPU time to Xst completion: 0.08 secs
 
--> Reading design: top1.prj

TABLE OF CONTENTS
  1) Synthesis Options Summary
  2) HDL Parsing
  3) HDL Elaboration
  4) HDL Synthesis
       4.1) HDL Synthesis Report
  5) Advanced HDL Synthesis
       5.1) Advanced HDL Synthesis Report
  6) Low Level Synthesis
  7) Partition Report
  8) Design Summary
       8.1) Primitive and Black Box Usage
       8.2) Device utilization summary
       8.3) Partition Resource Summary
       8.4) Timing Report
            8.4.1) Clock Information
            8.4.2) Asynchronous Control Signals Information
            8.4.3) Timing Summary
            8.4.4) Timing Details
            8.4.5) Cross Clock Domains Report


=========================================================================
*                      Synthesis Options Summary                        *
=========================================================================
---- Source Parameters
Input File Name                    : "top1.prj"
Ignore Synthesis Constraint File   : NO

---- Target Parameters
Output File Name                   : "top1"
Output Format                      : NGC
Target Device                      : xc7a100t-1-csg324

---- Source Options
Top Module Name                    : top1
Automatic FSM Extraction           : YES
FSM Encoding Algorithm             : Auto
Safe Implementation                : No
FSM Style                          : LUT
RAM Extraction                     : Yes
RAM Style                          : Auto
ROM Extraction                     : Yes
Shift Register Extraction          : YES
ROM Style                          : Auto
Resource Sharing                   : YES
Asynchronous To Synchronous        : NO
Shift Register Minimum Size        : 2
Use DSP Block                      : Auto
Automatic Register Balancing       : No

---- Target Options
LUT Combining                      : Auto
Reduce Control Sets                : Auto
Add IO Buffers                     : YES
Global Maximum Fanout              : 100000
Add Generic Clock Buffer(BUFG)     : 32
Register Duplication               : YES
Optimize Instantiated Primitives   : NO
Use Clock Enable                   : Auto
Use Synchronous Set                : Auto
Use Synchronous Reset              : Auto
Pack IO Registers into IOBs        : Auto
Equivalent register Removal        : YES

---- General Options
Optimization Goal                  : Speed
Optimization Effort                : 1
Power Reduction                    : NO
Keep Hierarchy                     : No
Netlist Hierarchy                  : As_Optimized
RTL Output                         : Yes
Global Optimization                : AllClockNets
Read Cores                         : YES
Write Timing Constraints           : NO
Cross Clock Analysis               : NO
Hierarchy Separator                : /
Bus Delimiter                      : <>
Case Specifier                     : Maintain
Slice Utilization Ratio            : 100
BRAM Utilization Ratio             : 100
DSP48 Utilization Ratio            : 100
Auto BRAM Packing                  : NO
Slice Utilization Ratio Delta      : 5

---- Other Options
Cores Search Directories           : {"ipcore_dir"  }

=========================================================================


=========================================================================
*                          HDL Parsing                                  *
=========================================================================
Analyzing Verilog file "G:\MSCS\01_Advance_Computer_Architecture\projects\L1F21MSCS0054_unioperandmicroarchitecture\pc16b.v" into library work
Parsing module <counter5b>.
Analyzing Verilog file "G:\MSCS\01_Advance_Computer_Architecture\projects\L1F21MSCS0054_unioperandmicroarchitecture\ipcore_dir\im_code.v" into library work
Parsing module <im_code>.
Analyzing Verilog file "G:\MSCS\01_Advance_Computer_Architecture\projects\L1F21MSCS0054_unioperandmicroarchitecture\ipcore_dir\dm_code.v" into library work
Parsing module <dm_code>.
Analyzing Verilog file "G:\MSCS\01_Advance_Computer_Architecture\projects\L1F21MSCS0054_unioperandmicroarchitecture\ControUnit.v" into library work
Parsing module <control_unit>.
Analyzing Verilog file "G:\MSCS\01_Advance_Computer_Architecture\projects\L1F21MSCS0054_unioperandmicroarchitecture\ALU.v" into library work
Parsing module <alu16b>.
Analyzing Verilog file "G:\MSCS\01_Advance_Computer_Architecture\projects\L1F21MSCS0054_unioperandmicroarchitecture\accumulator16b.v" into library work
Parsing module <accumulator16b>.
Analyzing Verilog file "G:\MSCS\01_Advance_Computer_Architecture\projects\L1F21MSCS0054_unioperandmicroarchitecture\topmodule.v" into library work
Parsing module <top1>.

=========================================================================
*                            HDL Elaboration                            *
=========================================================================
WARNING:HDLCompiler:1016 - "G:\MSCS\01_Advance_Computer_Architecture\projects\L1F21MSCS0054_unioperandmicroarchitecture\topmodule.v" Line 84: Port rst is not connected to this instance

Elaborating module <top1>.

Elaborating module <counter5b>.
WARNING:HDLCompiler:413 - "G:\MSCS\01_Advance_Computer_Architecture\projects\L1F21MSCS0054_unioperandmicroarchitecture\pc16b.v" Line 37: Result of 6-bit expression is truncated to fit in 5-bit target.

Elaborating module <im_code>.
WARNING:HDLCompiler:1499 - "G:\MSCS\01_Advance_Computer_Architecture\projects\L1F21MSCS0054_unioperandmicroarchitecture\ipcore_dir\im_code.v" Line 39: Empty module <im_code> remains a black box.

Elaborating module <dm_code>.
WARNING:HDLCompiler:1499 - "G:\MSCS\01_Advance_Computer_Architecture\projects\L1F21MSCS0054_unioperandmicroarchitecture\ipcore_dir\dm_code.v" Line 39: Empty module <dm_code> remains a black box.

Elaborating module <control_unit>.

Elaborating module <alu16b>.

Elaborating module <accumulator16b>.
WARNING:HDLCompiler:552 - "G:\MSCS\01_Advance_Computer_Architecture\projects\L1F21MSCS0054_unioperandmicroarchitecture\topmodule.v" Line 84: Input port rst is not connected on this instance

=========================================================================
*                           HDL Synthesis                               *
=========================================================================

Synthesizing Unit <top1>.
    Related source file is "G:\MSCS\01_Advance_Computer_Architecture\projects\L1F21MSCS0054_unioperandmicroarchitecture\topmodule.v".
WARNING:Xst:2898 - Port 'rst', unconnected in block instance 'alu', is tied to GND.
    Summary:
	no macro.
Unit <top1> synthesized.

Synthesizing Unit <counter5b>.
    Related source file is "G:\MSCS\01_Advance_Computer_Architecture\projects\L1F21MSCS0054_unioperandmicroarchitecture\pc16b.v".
    Found 5-bit register for signal <out>.
    Found 5-bit adder for signal <out[4]_GND_2_o_add_3_OUT> created at line 37.
    Summary:
	inferred   1 Adder/Subtractor(s).
	inferred   5 D-type flip-flop(s).
	inferred   1 Multiplexer(s).
Unit <counter5b> synthesized.

Synthesizing Unit <control_unit>.
    Related source file is "G:\MSCS\01_Advance_Computer_Architecture\projects\L1F21MSCS0054_unioperandmicroarchitecture\ControUnit.v".
    Found 16x8-bit Read Only RAM for signal <cw>
    Summary:
	inferred   1 RAM(s).
Unit <control_unit> synthesized.

Synthesizing Unit <alu16b>.
    Related source file is "G:\MSCS\01_Advance_Computer_Architecture\projects\L1F21MSCS0054_unioperandmicroarchitecture\ALU.v".
    Found 1-bit register for signal <zf>.
    Found 16-bit subtractor for signal <in1[15]_in2[15]_sub_2_OUT> created at line 35.
    Found 16-bit adder for signal <in1[15]_in2[15]_add_6_OUT> created at line 41.
    Found 16-bit 8-to-1 multiplexer for signal <out> created at line 33.
    Summary:
	inferred   2 Adder/Subtractor(s).
	inferred   1 Multiplexer(s).
Unit <alu16b> synthesized.

Synthesizing Unit <accumulator16b>.
    Related source file is "G:\MSCS\01_Advance_Computer_Architecture\projects\L1F21MSCS0054_unioperandmicroarchitecture\accumulator16b.v".
    Found 16-bit register for signal <out>.
    Summary:
	inferred  16 D-type flip-flop(s).
Unit <accumulator16b> synthesized.

=========================================================================
HDL Synthesis Report

Macro Statistics
# RAMs                                                 : 1
 16x8-bit single-port Read Only RAM                    : 1
# Adders/Subtractors                                   : 3
 16-bit adder                                          : 1
 16-bit subtractor                                     : 1
 5-bit adder                                           : 1
# Registers                                            : 2
 16-bit register                                       : 1
 5-bit register                                        : 1
# Multiplexers                                         : 2
 16-bit 8-to-1 multiplexer                             : 1
 5-bit 2-to-1 multiplexer                              : 1
# Xors                                                 : 1
 16-bit xor2                                           : 1

=========================================================================

=========================================================================
*                       Advanced HDL Synthesis                          *
=========================================================================

Reading core <ipcore_dir/im_code.ngc>.
Reading core <ipcore_dir/dm_code.ngc>.
Loading core <im_code> for timing and area information for instance <instmem>.
Loading core <dm_code> for timing and area information for instance <dm>.

Synthesizing (advanced) Unit <control_unit>.
INFO:Xst:3218 - HDL ADVISOR - The RAM <Mram_cw> will be implemented on LUTs either because you have described an asynchronous read or because of currently unsupported block RAM features. If you have described an asynchronous read, making it synchronous would allow you to take advantage of available block RAM resources, for optimized device usage and improved timings. Please refer to your documentation for coding guidelines.
    -----------------------------------------------------------------------
    | ram_type           | Distributed                         |          |
    -----------------------------------------------------------------------
    | Port A                                                              |
    |     aspect ratio   | 16-word x 8-bit                     |          |
    |     weA            | connected to signal <GND>           | high     |
    |     addrA          | connected to signal <opcode>        |          |
    |     diA            | connected to signal <GND>           |          |
    |     doA            | connected to signal <cw>            |          |
    -----------------------------------------------------------------------
Unit <control_unit> synthesized (advanced).

Synthesizing (advanced) Unit <counter5b>.
The following registers are absorbed into counter <out>: 1 register on signal <out>.
Unit <counter5b> synthesized (advanced).

=========================================================================
Advanced HDL Synthesis Report

Macro Statistics
# RAMs                                                 : 1
 16x8-bit single-port distributed Read Only RAM        : 1
# Adders/Subtractors                                   : 2
 16-bit adder                                          : 1
 16-bit subtractor                                     : 1
# Counters                                             : 1
 5-bit up counter                                      : 1
# Registers                                            : 16
 Flip-Flops                                            : 16
# Multiplexers                                         : 1
 16-bit 8-to-1 multiplexer                             : 1
# Xors                                                 : 1
 16-bit xor2                                           : 1

=========================================================================

=========================================================================
*                         Low Level Synthesis                           *
=========================================================================

Optimizing unit <top1> ...

Optimizing unit <alu16b> ...

Optimizing unit <accumulator16b> ...

Mapping all equations...
Building and optimizing final netlist ...
Found area constraint ratio of 100 (+ 5) on block top1, actual ratio is 0.

Final Macro Processing ...

=========================================================================
Final Register Report

Macro Statistics
# Registers                                            : 21
 Flip-Flops                                            : 21

=========================================================================

=========================================================================
*                           Partition Report                            *
=========================================================================

Partition Implementation Status
-------------------------------

  No Partitions were found in this design.

-------------------------------

=========================================================================
*                            Design Summary                             *
=========================================================================

Top Level Output File Name         : top1.ngc

Primitive and Black Box Usage:
------------------------------
# BELS                             : 172
#      GND                         : 1
#      INV                         : 2
#      LUT2                        : 33
#      LUT3                        : 1
#      LUT4                        : 38
#      LUT5                        : 16
#      LUT6                        : 17
#      MUXCY                       : 30
#      MUXF7                       : 1
#      VCC                         : 1
#      XORCY                       : 32
# FlipFlops/Latches                : 53
#      FD                          : 32
#      FDC                         : 5
#      FDCE                        : 16
# RAMS                             : 32
#      RAM32X1S                    : 32
# Clock Buffers                    : 1
#      BUFGP                       : 1
# IO Buffers                       : 79
#      IBUF                        : 1
#      OBUF                        : 78

Device utilization summary:
---------------------------

Selected Device : 7a100tcsg324-1 


Slice Logic Utilization: 
 Number of Slice Registers:              53  out of  126800     0%  
 Number of Slice LUTs:                  139  out of  63400     0%  
    Number used as Logic:               107  out of  63400     0%  
    Number used as Memory:               32  out of  19000     0%  
       Number used as RAM:               32

Slice Logic Distribution: 
 Number of LUT Flip Flop pairs used:    139
   Number with an unused Flip Flop:      86  out of    139    61%  
   Number with an unused LUT:             0  out of    139     0%  
   Number of fully used LUT-FF pairs:    53  out of    139    38%  
   Number of unique control sets:         4

IO Utilization: 
 Number of IOs:                          81
 Number of bonded IOBs:                  80  out of    210    38%  

Specific Feature Utilization:
 Number of BUFG/BUFGCTRLs:                1  out of     32     3%  

---------------------------
Partition Resource Summary:
---------------------------

  No Partitions were found in this design.

---------------------------


=========================================================================
Timing Report

NOTE: THESE TIMING NUMBERS ARE ONLY A SYNTHESIS ESTIMATE.
      FOR ACCURATE TIMING INFORMATION PLEASE REFER TO THE TRACE REPORT
      GENERATED AFTER PLACE-and-ROUTE.

Clock Information:
------------------
-----------------------------------+------------------------+-------+
Clock Signal                       | Clock buffer(FF name)  | Load  |
-----------------------------------+------------------------+-------+
clk                                | BUFGP                  | 85    |
-----------------------------------+------------------------+-------+

Asynchronous Control Signals Information:
----------------------------------------
No asynchronous control signals found in this design

Timing Summary:
---------------
Speed Grade: -1

   Minimum period: 4.457ns (Maximum Frequency: 224.341MHz)
   Minimum input arrival time before clock: 1.569ns
   Maximum output required time after clock: 4.832ns
   Maximum combinational path delay: No path found

Timing Details:
---------------
All values displayed in nanoseconds (ns)

=========================================================================
Timing constraint: Default period analysis for Clock 'clk'
  Clock period: 4.457ns (frequency: 224.341MHz)
  Total number of paths / destination ports: 15245 / 261
-------------------------------------------------------------------------
Delay:               4.457ns (Levels of Logic = 21)
  Source:            instmem/U0/xst_options.dist_mem_inst/gen_sp_ram.spram_inst/Mram_ram1 (RAM)
  Destination:       accumulator/out_15 (FF)
  Source Clock:      clk rising
  Destination Clock: clk rising

  Data Path: instmem/U0/xst_options.dist_mem_inst/gen_sp_ram.spram_inst/Mram_ram1 to accumulator/out_15
                                Gate     Net
    Cell:in->out      fanout   Delay   Delay  Logical Name (Net Name)
    ----------------------------------------  ------------
     RAM32X1S:WCLK->O     18   1.163   0.511  U0/xst_options.dist_mem_inst/gen_sp_ram.spram_inst/Mram_ram1 (spo<0>)
     end scope: 'instmem:spo<0>'
     begin scope: 'dm:a<0>'
     RAM32X1S:A0->O        6   0.124   0.454  U0/xst_options.dist_mem_inst/gen_sp_ram.spram_inst/Mram_ram1 (spo<0>)
     end scope: 'dm:spo<0>'
     LUT2:I1->O            1   0.124   0.000  alu/Madd_in1[15]_in2[15]_add_6_OUT_lut<0> (alu/Madd_in1[15]_in2[15]_add_6_OUT_lut<0>)
     MUXCY:S->O            1   0.472   0.000  alu/Madd_in1[15]_in2[15]_add_6_OUT_cy<0> (alu/Madd_in1[15]_in2[15]_add_6_OUT_cy<0>)
     MUXCY:CI->O           1   0.029   0.000  alu/Madd_in1[15]_in2[15]_add_6_OUT_cy<1> (alu/Madd_in1[15]_in2[15]_add_6_OUT_cy<1>)
     MUXCY:CI->O           1   0.029   0.000  alu/Madd_in1[15]_in2[15]_add_6_OUT_cy<2> (alu/Madd_in1[15]_in2[15]_add_6_OUT_cy<2>)
     MUXCY:CI->O           1   0.029   0.000  alu/Madd_in1[15]_in2[15]_add_6_OUT_cy<3> (alu/Madd_in1[15]_in2[15]_add_6_OUT_cy<3>)
     MUXCY:CI->O           1   0.029   0.000  alu/Madd_in1[15]_in2[15]_add_6_OUT_cy<4> (alu/Madd_in1[15]_in2[15]_add_6_OUT_cy<4>)
     MUXCY:CI->O           1   0.029   0.000  alu/Madd_in1[15]_in2[15]_add_6_OUT_cy<5> (alu/Madd_in1[15]_in2[15]_add_6_OUT_cy<5>)
     MUXCY:CI->O           1   0.029   0.000  alu/Madd_in1[15]_in2[15]_add_6_OUT_cy<6> (alu/Madd_in1[15]_in2[15]_add_6_OUT_cy<6>)
     MUXCY:CI->O           1   0.029   0.000  alu/Madd_in1[15]_in2[15]_add_6_OUT_cy<7> (alu/Madd_in1[15]_in2[15]_add_6_OUT_cy<7>)
     MUXCY:CI->O           1   0.029   0.000  alu/Madd_in1[15]_in2[15]_add_6_OUT_cy<8> (alu/Madd_in1[15]_in2[15]_add_6_OUT_cy<8>)
     MUXCY:CI->O           1   0.029   0.000  alu/Madd_in1[15]_in2[15]_add_6_OUT_cy<9> (alu/Madd_in1[15]_in2[15]_add_6_OUT_cy<9>)
     MUXCY:CI->O           1   0.029   0.000  alu/Madd_in1[15]_in2[15]_add_6_OUT_cy<10> (alu/Madd_in1[15]_in2[15]_add_6_OUT_cy<10>)
     MUXCY:CI->O           1   0.029   0.000  alu/Madd_in1[15]_in2[15]_add_6_OUT_cy<11> (alu/Madd_in1[15]_in2[15]_add_6_OUT_cy<11>)
     MUXCY:CI->O           1   0.029   0.000  alu/Madd_in1[15]_in2[15]_add_6_OUT_cy<12> (alu/Madd_in1[15]_in2[15]_add_6_OUT_cy<12>)
     MUXCY:CI->O           1   0.029   0.000  alu/Madd_in1[15]_in2[15]_add_6_OUT_cy<13> (alu/Madd_in1[15]_in2[15]_add_6_OUT_cy<13>)
     MUXCY:CI->O           0   0.029   0.000  alu/Madd_in1[15]_in2[15]_add_6_OUT_cy<14> (alu/Madd_in1[15]_in2[15]_add_6_OUT_cy<14>)
     XORCY:CI->O           1   0.510   0.536  alu/Madd_in1[15]_in2[15]_add_6_OUT_xor<15> (alu/in1[15]_in2[15]_add_6_OUT<15>)
     LUT6:I4->O            2   0.124   0.000  alu/Mmux_out73 (alu_out_15_OBUF)
     FDCE:D                    0.030          accumulator/out_15
    ----------------------------------------
    Total                      4.457ns (2.956ns logic, 1.501ns route)
                                       (66.3% logic, 33.7% route)

=========================================================================
Timing constraint: Default OFFSET IN BEFORE for Clock 'clk'
  Total number of paths / destination ports: 21 / 21
-------------------------------------------------------------------------
Offset:              1.569ns (Levels of Logic = 2)
  Source:            rst (PAD)
  Destination:       accumulator/out_15 (FF)
  Destination Clock: clk rising

  Data Path: rst to accumulator/out_15
                                Gate     Net
    Cell:in->out      fanout   Delay   Delay  Logical Name (Net Name)
    ----------------------------------------  ------------
     IBUF:I->O             1   0.001   0.399  rst_IBUF (rst_IBUF)
     INV:I->O             21   0.146   0.529  rst_inv1_INV_0 (accumulator/rst_inv)
     FDCE:CLR                  0.494          accumulator/out_0
    ----------------------------------------
    Total                      1.569ns (0.641ns logic, 0.928ns route)
                                       (40.9% logic, 59.1% route)

=========================================================================
Timing constraint: Default OFFSET OUT AFTER for Clock 'clk'
  Total number of paths / destination ports: 14075 / 76
-------------------------------------------------------------------------
Offset:              4.832ns (Levels of Logic = 22)
  Source:            instmem/U0/xst_options.dist_mem_inst/gen_sp_ram.spram_inst/Mram_ram1 (RAM)
  Destination:       alu_out<15> (PAD)
  Source Clock:      clk rising

  Data Path: instmem/U0/xst_options.dist_mem_inst/gen_sp_ram.spram_inst/Mram_ram1 to alu_out<15>
                                Gate     Net
    Cell:in->out      fanout   Delay   Delay  Logical Name (Net Name)
    ----------------------------------------  ------------
     RAM32X1S:WCLK->O     18   1.163   0.511  U0/xst_options.dist_mem_inst/gen_sp_ram.spram_inst/Mram_ram1 (spo<0>)
     end scope: 'instmem:spo<0>'
     begin scope: 'dm:a<0>'
     RAM32X1S:A0->O        6   0.124   0.454  U0/xst_options.dist_mem_inst/gen_sp_ram.spram_inst/Mram_ram1 (spo<0>)
     end scope: 'dm:spo<0>'
     LUT2:I1->O            1   0.124   0.000  alu/Madd_in1[15]_in2[15]_add_6_OUT_lut<0> (alu/Madd_in1[15]_in2[15]_add_6_OUT_lut<0>)
     MUXCY:S->O            1   0.472   0.000  alu/Madd_in1[15]_in2[15]_add_6_OUT_cy<0> (alu/Madd_in1[15]_in2[15]_add_6_OUT_cy<0>)
     MUXCY:CI->O           1   0.029   0.000  alu/Madd_in1[15]_in2[15]_add_6_OUT_cy<1> (alu/Madd_in1[15]_in2[15]_add_6_OUT_cy<1>)
     MUXCY:CI->O           1   0.029   0.000  alu/Madd_in1[15]_in2[15]_add_6_OUT_cy<2> (alu/Madd_in1[15]_in2[15]_add_6_OUT_cy<2>)
     MUXCY:CI->O           1   0.029   0.000  alu/Madd_in1[15]_in2[15]_add_6_OUT_cy<3> (alu/Madd_in1[15]_in2[15]_add_6_OUT_cy<3>)
     MUXCY:CI->O           1   0.029   0.000  alu/Madd_in1[15]_in2[15]_add_6_OUT_cy<4> (alu/Madd_in1[15]_in2[15]_add_6_OUT_cy<4>)
     MUXCY:CI->O           1   0.029   0.000  alu/Madd_in1[15]_in2[15]_add_6_OUT_cy<5> (alu/Madd_in1[15]_in2[15]_add_6_OUT_cy<5>)
     MUXCY:CI->O           1   0.029   0.000  alu/Madd_in1[15]_in2[15]_add_6_OUT_cy<6> (alu/Madd_in1[15]_in2[15]_add_6_OUT_cy<6>)
     MUXCY:CI->O           1   0.029   0.000  alu/Madd_in1[15]_in2[15]_add_6_OUT_cy<7> (alu/Madd_in1[15]_in2[15]_add_6_OUT_cy<7>)
     MUXCY:CI->O           1   0.029   0.000  alu/Madd_in1[15]_in2[15]_add_6_OUT_cy<8> (alu/Madd_in1[15]_in2[15]_add_6_OUT_cy<8>)
     MUXCY:CI->O           1   0.029   0.000  alu/Madd_in1[15]_in2[15]_add_6_OUT_cy<9> (alu/Madd_in1[15]_in2[15]_add_6_OUT_cy<9>)
     MUXCY:CI->O           1   0.029   0.000  alu/Madd_in1[15]_in2[15]_add_6_OUT_cy<10> (alu/Madd_in1[15]_in2[15]_add_6_OUT_cy<10>)
     MUXCY:CI->O           1   0.029   0.000  alu/Madd_in1[15]_in2[15]_add_6_OUT_cy<11> (alu/Madd_in1[15]_in2[15]_add_6_OUT_cy<11>)
     MUXCY:CI->O           1   0.029   0.000  alu/Madd_in1[15]_in2[15]_add_6_OUT_cy<12> (alu/Madd_in1[15]_in2[15]_add_6_OUT_cy<12>)
     MUXCY:CI->O           1   0.029   0.000  alu/Madd_in1[15]_in2[15]_add_6_OUT_cy<13> (alu/Madd_in1[15]_in2[15]_add_6_OUT_cy<13>)
     MUXCY:CI->O           0   0.029   0.000  alu/Madd_in1[15]_in2[15]_add_6_OUT_cy<14> (alu/Madd_in1[15]_in2[15]_add_6_OUT_cy<14>)
     XORCY:CI->O           1   0.510   0.536  alu/Madd_in1[15]_in2[15]_add_6_OUT_xor<15> (alu/in1[15]_in2[15]_add_6_OUT<15>)
     LUT6:I4->O            2   0.124   0.405  alu/Mmux_out73 (alu_out_15_OBUF)
     OBUF:I->O                 0.000          alu_out_15_OBUF (alu_out<15>)
    ----------------------------------------
    Total                      4.832ns (2.926ns logic, 1.906ns route)
                                       (60.6% logic, 39.4% route)

=========================================================================

Cross Clock Domains Report:
--------------------------

Clock to Setup on destination clock clk
---------------+---------+---------+---------+---------+
               | Src:Rise| Src:Fall| Src:Rise| Src:Fall|
Source Clock   |Dest:Rise|Dest:Rise|Dest:Fall|Dest:Fall|
---------------+---------+---------+---------+---------+
clk            |    4.457|         |         |         |
---------------+---------+---------+---------+---------+

=========================================================================


Total REAL time to Xst completion: 7.00 secs
Total CPU time to Xst completion: 6.77 secs
 
--> 

Total memory usage is 4619408 kilobytes

Number of errors   :    0 (   0 filtered)
Number of warnings :    6 (   0 filtered)
Number of infos    :    1 (   0 filtered)

